<?xml version="1.0" encoding="UTF-8"?>
<!-- Generated by org.testng.reporters.JUnitReportReporter -->
<testsuite hostname="DESKTOP-O22GI60" failures="0" tests="2" name="SearchFunction" time="26.412" errors="0" timestamp="2022-10-11T12:53:57 EET" skipped="0">
  <testcase classname="SearchFunction" name="openBrowser" time="12.124"/>
  <system-out/>
  <testcase classname="SearchFunction" name="Search" time="14.288"/>
  <system-out/>
</testsuite> <!-- SearchFunction -->
